<?xml version="1.0" encoding="UTF-8"?>
<testsuites>
  <testsuite name="." tests="1" assertions="1" failures="0" errors="0" time="0.001356">
    <testsuite name="My\Example\Project\Tests\ExampleTest" file="/mnt/tmp/local.prod/source/tests/phpunit/ExampleTest.php" tests="1" assertions="1" failures="0" errors="0" time="0.001356">
      <testcase name="testExample" class="My\Example\Project\Tests\ExampleTest" file="/mnt/tmp/local.prod/source/tests/phpunit/ExampleTest.php" line="13" assertions="1" time="0.001356"/>
    </testsuite>
  </testsuite>
</testsuites>
